<?xml version="1.0" encoding="UTF-8"?>
<!-- Generated by org.testng.reporters.JUnitReportReporter -->
<testsuite hostname="SoftLap02" failures="0" tests="1" name="tests.PutDeletePatchExamples" time="1.561" errors="0" timestamp="2024-10-21T14:44:26 EET" skipped="0">
  <testcase classname="tests.PutDeletePatchExamples" name="testDELETE" time="1.561"/>
</testsuite> <!-- tests.PutDeletePatchExamples -->
