<?xml version="1.0" encoding="UTF-8"?>
<!-- Generated by org.testng.reporters.JUnitReportReporter -->
<testsuite hostname="SoftLap02" failures="0" tests="2" name="tests.TestExamples" time="2.331" errors="0" timestamp="2024-10-21T13:07:44 EET" skipped="0">
  <testcase classname="tests.TestExamples" name="testOne" time="1.535"/>
  <testcase classname="tests.TestExamples" name="testTwo" time="0.796"/>
</testsuite> <!-- tests.TestExamples -->
