<?xml version="1.0" encoding="UTF-8"?>
<!-- Generated by org.testng.reporters.JUnitReportReporter -->
<testsuite hostname="SoftLap02" failures="0" tests="2" name="tests.GetAndPostExample" time="3.020" errors="0" timestamp="2024-10-21T13:54:33 EET" skipped="0">
  <testcase classname="tests.GetAndPostExample" name="testPost" time="1.127"/>
  <testcase classname="tests.GetAndPostExample" name="testGet" time="1.893"/>
</testsuite> <!-- tests.GetAndPostExample -->
